
-------------------------------------------------------------------------------


----------- SCAN SUMMARY -----------
Known viruses: 4032567
Engine version: 0.98.7
Scanned directories: 2496
Scanned files: 19510
Infected files: 0
Data scanned: 835.46 MB
Data read: 2003.79 MB (ratio 0.42:1)
Time: 53.365 sec (0 m 53 s)

-------------------------------------------------------------------------------


----------- SCAN SUMMARY -----------
Known viruses: 4032567
Engine version: 0.98.7
Scanned directories: 2452
Scanned files: 21791
Infected files: 0
Data scanned: 1065.86 MB
Data read: 1192.43 MB (ratio 0.89:1)
Time: 64.537 sec (1 m 4 s)

-------------------------------------------------------------------------------


----------- SCAN SUMMARY -----------
Known viruses: 4033246
Engine version: 0.98.7
Scanned directories: 2553
Scanned files: 21704
Infected files: 0
Data scanned: 1123.31 MB
Data read: 1161.35 MB (ratio 0.97:1)
Time: 64.431 sec (1 m 4 s)

-------------------------------------------------------------------------------


----------- SCAN SUMMARY -----------
Known viruses: 4033246
Engine version: 0.98.7
Scanned directories: 2553
Scanned files: 21490
Infected files: 0
Data scanned: 1105.30 MB
Data read: 1138.87 MB (ratio 0.97:1)
Time: 64.197 sec (1 m 4 s)

-------------------------------------------------------------------------------


----------- SCAN SUMMARY -----------
Known viruses: 4033246
Engine version: 0.98.7
Scanned directories: 2553
Scanned files: 21417
Infected files: 0
Data scanned: 1061.77 MB
Data read: 1118.52 MB (ratio 0.95:1)
Time: 62.749 sec (1 m 2 s)

-------------------------------------------------------------------------------


----------- SCAN SUMMARY -----------
Known viruses: 4033246
Engine version: 0.98.7
Scanned directories: 2553
Scanned files: 21378
Infected files: 0
Data scanned: 1047.47 MB
Data read: 1110.79 MB (ratio 0.94:1)
Time: 61.318 sec (1 m 1 s)

-------------------------------------------------------------------------------


----------- SCAN SUMMARY -----------
Known viruses: 4033246
Engine version: 0.98.7
Scanned directories: 2553
Scanned files: 21344
Infected files: 0
Data scanned: 1051.59 MB
Data read: 1122.43 MB (ratio 0.94:1)
Time: 65.191 sec (1 m 5 s)

-------------------------------------------------------------------------------


----------- SCAN SUMMARY -----------
Known viruses: 4033246
Engine version: 0.98.7
Scanned directories: 2553
Scanned files: 21376
Infected files: 0
Data scanned: 1049.61 MB
Data read: 1112.55 MB (ratio 0.94:1)
Time: 61.253 sec (1 m 1 s)

-------------------------------------------------------------------------------


----------- SCAN SUMMARY -----------
Known viruses: 4033246
Engine version: 0.98.7
Scanned directories: 2553
Scanned files: 21374
Infected files: 0
Data scanned: 1041.39 MB
Data read: 1110.08 MB (ratio 0.94:1)
Time: 60.554 sec (1 m 0 s)

-------------------------------------------------------------------------------


----------- SCAN SUMMARY -----------
Known viruses: 4033246
Engine version: 0.98.7
Scanned directories: 2553
Scanned files: 21596
Infected files: 0
Data scanned: 1066.12 MB
Data read: 1122.27 MB (ratio 0.95:1)
Time: 61.644 sec (1 m 1 s)

-------------------------------------------------------------------------------


----------- SCAN SUMMARY -----------
Known viruses: 4033246
Engine version: 0.98.7
Scanned directories: 2553
Scanned files: 21404
Infected files: 0
Data scanned: 1064.38 MB
Data read: 1118.70 MB (ratio 0.95:1)
Time: 62.220 sec (1 m 2 s)

-------------------------------------------------------------------------------


----------- SCAN SUMMARY -----------
Known viruses: 4033246
Engine version: 0.98.7
Scanned directories: 2553
Scanned files: 21423
Infected files: 0
Data scanned: 1043.63 MB
Data read: 1108.12 MB (ratio 0.94:1)
Time: 62.371 sec (1 m 2 s)

-------------------------------------------------------------------------------


----------- SCAN SUMMARY -----------
Known viruses: 4033246
Engine version: 0.98.7
Scanned directories: 2553
Scanned files: 21529
Infected files: 0
Data scanned: 1039.62 MB
Data read: 1107.84 MB (ratio 0.94:1)
Time: 63.169 sec (1 m 3 s)

-------------------------------------------------------------------------------


----------- SCAN SUMMARY -----------
Known viruses: 4033246
Engine version: 0.98.7
Scanned directories: 2553
Scanned files: 21352
Infected files: 0
Data scanned: 1036.24 MB
Data read: 1104.92 MB (ratio 0.94:1)
Time: 63.397 sec (1 m 3 s)

-------------------------------------------------------------------------------


----------- SCAN SUMMARY -----------
Known viruses: 4033246
Engine version: 0.98.7
Scanned directories: 2553
Scanned files: 21526
Infected files: 0
Data scanned: 1073.07 MB
Data read: 1124.92 MB (ratio 0.95:1)
Time: 64.801 sec (1 m 4 s)

-------------------------------------------------------------------------------


----------- SCAN SUMMARY -----------
Known viruses: 4033246
Engine version: 0.98.7
Scanned directories: 2554
Scanned files: 21651
Infected files: 0
Data scanned: 1070.42 MB
Data read: 1125.53 MB (ratio 0.95:1)
Time: 61.854 sec (1 m 1 s)

-------------------------------------------------------------------------------


----------- SCAN SUMMARY -----------
Known viruses: 4033246
Engine version: 0.98.7
Scanned directories: 2546
Scanned files: 21902
Infected files: 0
Data scanned: 1088.30 MB
Data read: 1137.05 MB (ratio 0.96:1)
Time: 64.876 sec (1 m 4 s)

-------------------------------------------------------------------------------


----------- SCAN SUMMARY -----------
Known viruses: 4033246
Engine version: 0.98.7
Scanned directories: 2815
Scanned files: 37804
Infected files: 0
Data scanned: 1892.05 MB
Data read: 1874.51 MB (ratio 1.01:1)
Time: 94.326 sec (1 m 34 s)

-------------------------------------------------------------------------------


----------- SCAN SUMMARY -----------
Known viruses: 4033246
Engine version: 0.98.7
Scanned directories: 2815
Scanned files: 38055
Infected files: 0
Data scanned: 1918.74 MB
Data read: 1889.84 MB (ratio 1.02:1)
Time: 97.319 sec (1 m 37 s)

-------------------------------------------------------------------------------


----------- SCAN SUMMARY -----------
Known viruses: 4033246
Engine version: 0.98.7
Scanned directories: 2815
Scanned files: 37867
Infected files: 0
Data scanned: 1836.84 MB
Data read: 1846.48 MB (ratio 0.99:1)
Time: 93.518 sec (1 m 33 s)

-------------------------------------------------------------------------------


----------- SCAN SUMMARY -----------
Known viruses: 4033246
Engine version: 0.98.7
Scanned directories: 2815
Scanned files: 37044
Infected files: 0
Data scanned: 1843.69 MB
Data read: 1842.14 MB (ratio 1.00:1)
Time: 94.102 sec (1 m 34 s)

-------------------------------------------------------------------------------


----------- SCAN SUMMARY -----------
Known viruses: 4033246
Engine version: 0.98.7
Scanned directories: 2815
Scanned files: 37319
Infected files: 0
Data scanned: 1867.37 MB
Data read: 1858.42 MB (ratio 1.00:1)
Time: 95.122 sec (1 m 35 s)

-------------------------------------------------------------------------------


----------- SCAN SUMMARY -----------
Known viruses: 4033246
Engine version: 0.98.7
Scanned directories: 2815
Scanned files: 37428
Infected files: 0
Data scanned: 1841.71 MB
Data read: 1845.31 MB (ratio 1.00:1)
Time: 92.714 sec (1 m 32 s)

-------------------------------------------------------------------------------


----------- SCAN SUMMARY -----------
Known viruses: 4033246
Engine version: 0.98.7
Scanned directories: 2815
Scanned files: 37035
Infected files: 0
Data scanned: 1860.50 MB
Data read: 1852.00 MB (ratio 1.00:1)
Time: 92.153 sec (1 m 32 s)

-------------------------------------------------------------------------------


----------- SCAN SUMMARY -----------
Known viruses: 4033246
Engine version: 0.98.7
Scanned directories: 2815
Scanned files: 37145
Infected files: 0
Data scanned: 1858.41 MB
Data read: 1851.75 MB (ratio 1.00:1)
Time: 93.968 sec (1 m 33 s)

-------------------------------------------------------------------------------


----------- SCAN SUMMARY -----------
Known viruses: 4033246
Engine version: 0.98.7
Scanned directories: 2815
Scanned files: 37257
Infected files: 0
Data scanned: 1845.96 MB
Data read: 1845.36 MB (ratio 1.00:1)
Time: 93.106 sec (1 m 33 s)

-------------------------------------------------------------------------------


----------- SCAN SUMMARY -----------
Known viruses: 4033246
Engine version: 0.98.7
Scanned directories: 2815
Scanned files: 37606
Infected files: 0
Data scanned: 1849.59 MB
Data read: 1846.32 MB (ratio 1.00:1)
Time: 95.388 sec (1 m 35 s)

-------------------------------------------------------------------------------


----------- SCAN SUMMARY -----------
Known viruses: 4033246
Engine version: 0.98.7
Scanned directories: 2815
Scanned files: 37104
Infected files: 0
Data scanned: 1876.71 MB
Data read: 1858.78 MB (ratio 1.01:1)
Time: 93.421 sec (1 m 33 s)

-------------------------------------------------------------------------------


----------- SCAN SUMMARY -----------
Known viruses: 4033246
Engine version: 0.98.7
Scanned directories: 2815
Scanned files: 37122
Infected files: 0
Data scanned: 1874.69 MB
Data read: 1856.64 MB (ratio 1.01:1)
Time: 92.391 sec (1 m 32 s)

-------------------------------------------------------------------------------


----------- SCAN SUMMARY -----------
Known viruses: 4033246
Engine version: 0.98.7
Scanned directories: 2815
Scanned files: 37247
Infected files: 0
Data scanned: 1870.73 MB
Data read: 1855.54 MB (ratio 1.01:1)
Time: 94.413 sec (1 m 34 s)

-------------------------------------------------------------------------------


----------- SCAN SUMMARY -----------
Known viruses: 4033246
Engine version: 0.98.7
Scanned directories: 2819
Scanned files: 37198
Infected files: 0
Data scanned: 1907.78 MB
Data read: 1873.36 MB (ratio 1.02:1)
Time: 108.604 sec (1 m 48 s)

-------------------------------------------------------------------------------


----------- SCAN SUMMARY -----------
Known viruses: 4033246
Engine version: 0.98.7
Scanned directories: 2819
Scanned files: 37544
Infected files: 0
Data scanned: 1919.90 MB
Data read: 1883.23 MB (ratio 1.02:1)
Time: 97.271 sec (1 m 37 s)

-------------------------------------------------------------------------------


----------- SCAN SUMMARY -----------
Known viruses: 4033246
Engine version: 0.98.7
Scanned directories: 2819
Scanned files: 37479
Infected files: 0
Data scanned: 1935.43 MB
Data read: 1894.00 MB (ratio 1.02:1)
Time: 96.779 sec (1 m 36 s)

-------------------------------------------------------------------------------


----------- SCAN SUMMARY -----------
Known viruses: 4033246
Engine version: 0.98.7
Scanned directories: 2819
Scanned files: 37641
Infected files: 0
Data scanned: 1964.50 MB
Data read: 1911.48 MB (ratio 1.03:1)
Time: 97.520 sec (1 m 37 s)

-------------------------------------------------------------------------------


----------- SCAN SUMMARY -----------
Known viruses: 4033246
Engine version: 0.98.7
Scanned directories: 2819
Scanned files: 37424
Infected files: 0
Data scanned: 1853.80 MB
Data read: 1857.72 MB (ratio 1.00:1)
Time: 92.161 sec (1 m 32 s)

-------------------------------------------------------------------------------


----------- SCAN SUMMARY -----------
Known viruses: 4033246
Engine version: 0.98.7
Scanned directories: 2819
Scanned files: 37217
Infected files: 0
Data scanned: 1873.87 MB
Data read: 1867.02 MB (ratio 1.00:1)
Time: 96.305 sec (1 m 36 s)

-------------------------------------------------------------------------------


----------- SCAN SUMMARY -----------
Known viruses: 4033246
Engine version: 0.98.7
Scanned directories: 2819
Scanned files: 37108
Infected files: 0
Data scanned: 1883.18 MB
Data read: 1871.45 MB (ratio 1.01:1)
Time: 96.319 sec (1 m 36 s)

-------------------------------------------------------------------------------

